#
# A fatal error has been detected by the Java Runtime Environment:
#
#  EXCEPTION_ACCESS_VIOLATION (0xc0000005) at pc=0x6d9272e3, pid=2088, tid=2812
#
# JRE version: 6.0_30-b12
# Java VM: Java HotSpot(TM) Client VM (20.5-b03 mixed mode, sharing windows-x86 )
# Problematic frame:
# V  [jvm.dll+0x672e3]
#
# If you would like to submit a bug report, please visit:
#   http://java.sun.com/webapps/bugreport/crash.jsp
#

---------------  T H R E A D  ---------------

Current thread (0x01ba0800):  VMThread [stack: 0x00dc0000,0x00e10000] [id=2812]

siginfo: ExceptionCode=0xc0000005, reading address 0x39b09cec

Registers:
EAX=0x00000004, EBX=0x00000009, ECX=0x39b09ce0, EDX=0x3ffffffe
ESP=0x00e0fb54, EBP=0x00e0fb80, ESI=0x29351a30, EDI=0x293616e8
EIP=0x6d9272e3, EFLAGS=0x00010293

Top of Stack: (sp=0x00e0fb54)
0x00e0fb54:   00e5f5d0 00e0fba8 00000000 c00c0501
0x00e0fb64:   29b94010 00e5f5d0 00000000 29351a30
0x00e0fb74:   00024999 29ba0000 29351a30 00e0fb94
0x00e0fb84:   6d920b3e 00e0fba8 00e5d070 00e5f510
0x00e0fb94:   00e0fbb4 6d91f394 00e0fba8 00e5d070
0x00e0fba4:   01b81fe8 00e5f510 00e5f5d0 29351c00
0x00e0fbb4:   00e0fbf8 6d921f58 00000001 00e5d070
0x00e0fbc4:   00010100 00e0fbf8 00000000 00000000 

Instructions: (pc=0x6d9272e3)
0x6d9272c3:   92 ac 00 00 00 8d 34 be 89 45 fc 89 75 f0 e9 e8
0x6d9272d3:   00 00 00 8b fe eb 06 8d 9b 00 00 00 00 8b 4f 04
0x6d9272e3:   8b 59 0c 83 c1 08 8b c3 c1 f8 02 85 db 89 5d e0
0x6d9272f3:   7f 32 7d 2a 8b 45 e0 8b 15 3c 0c b3 6d 8b cb 8b 


Register to memory mapping:

EAX=0x00000004 is an unknown value
EBX=0x00000009 is an unknown value
ECX=0x39b09ce0 is an unknown value
EDX=0x3ffffffe is an unknown value
ESP=0x00e0fb54 is an unknown value
EBP=0x00e0fb80 is an unknown value
ESI=0x29351a30 is an oop
com.mysql.jdbc.JDBC4Connection 
 - klass: 'com/mysql/jdbc/JDBC4Connection'
EDI=
[error occurred during error reporting (printing register info), id 0xc0000005]

Stack: [0x00dc0000,0x00e10000],  sp=0x00e0fb54,  free space=318k
Native frames: (J=compiled Java code, j=interpreted, Vv=VM code, C=native code)
V  [jvm.dll+0x672e3]
V  [jvm.dll+0x60b3e]
V  [jvm.dll+0x5f394]
V  [jvm.dll+0x61f58]
V  [jvm.dll+0x62505]
V  [jvm.dll+0x6109a]
V  [jvm.dll+0x68462]
V  [jvm.dll+0x5fcf8]
V  [jvm.dll+0x5799b]
V  [jvm.dll+0x13afe7]
V  [jvm.dll+0x11d8d3]
V  [jvm.dll+0x11cb9e]
V  [jvm.dll+0x11cec2]
V  [jvm.dll+0x11d2d2]
V  [jvm.dll+0x140ffc]
C  [msvcr71.dll+0x9565]  endthreadex+0xa0
C  [kernel32.dll+0x51174]  BaseThreadInitThunk+0x12
C  [ntdll.dll+0x5b3f5]  RtlInitializeExceptionChain+0x63
C  [ntdll.dll+0x5b3c8]  RtlInitializeExceptionChain+0x36

VM_Operation (0x047fe500): GenCollectForAllocation, mode: safepoint, requested by thread 0x01c5f000


---------------  P R O C E S S  ---------------

Java Threads: ( => current thread )
  0x04645400 JavaThread "TimerQueue" daemon [_thread_blocked, id=3076, stack(0x04ec0000,0x04f10000)]
  0x00e59000 JavaThread "DestroyJavaVM" [_thread_blocked, id=4068, stack(0x002b0000,0x00300000)]
  0x01c5f000 JavaThread "AWT-EventQueue-0" [_thread_blocked, id=3208, stack(0x047b0000,0x04800000)]
  0x01c3f800 JavaThread "AWT-Windows" daemon [_thread_blocked, id=3608, stack(0x04150000,0x041a0000)]
  0x01c3f000 JavaThread "AWT-Shutdown" [_thread_blocked, id=684, stack(0x03ff0000,0x04040000)]
  0x01c3e800 JavaThread "Java2D Disposer" daemon [_thread_blocked, id=3420, stack(0x03f60000,0x03fb0000)]
  0x01c08000 JavaThread "Low Memory Detector" daemon [_thread_blocked, id=588, stack(0x03e00000,0x03e50000)]
  0x01bebc00 JavaThread "C1 CompilerThread0" daemon [_thread_blocked, id=3872, stack(0x03db0000,0x03e00000)]
  0x01bea800 JavaThread "Attach Listener" daemon [_thread_blocked, id=2620, stack(0x03d60000,0x03db0000)]
  0x01be9800 JavaThread "Signal Dispatcher" daemon [_thread_blocked, id=3240, stack(0x03d10000,0x03d60000)]
  0x01bdec00 JavaThread "Finalizer" daemon [_thread_blocked, id=2572, stack(0x03cc0000,0x03d10000)]
  0x01bdcc00 JavaThread "Reference Handler" daemon [_thread_blocked, id=384, stack(0x03c70000,0x03cc0000)]

Other Threads:
=>0x01ba0800 VMThread [stack: 0x00dc0000,0x00e10000] [id=2812]
  0x01c11400 WatcherThread [stack: 0x03e50000,0x03ea0000] [id=196]

VM state:at safepoint (normal execution)

VM Mutex/Monitor currently owned by a thread:  ([mutex/lock_event])
[0x00e57548] Threads_lock - owner thread: 0x01ba0800
[0x00e57958] Heap_lock - owner thread: 0x01c5f000

Heap
 def new generation   total 4992K, used 512K [0x23ae0000, 0x24040000, 0x29030000)
  eden space 4480K,   0% used [0x23ae0000, 0x23ae0000, 0x23f40000)
  from space 512K, 100% used [0x23f40000, 0x23fc0000, 0x23fc0000)
  to   space 512K,   0% used [0x23fc0000, 0x23fc0000, 0x24040000)
 tenured generation   total 11712K, used 11664K [0x29030000, 0x29ba0000, 0x33ae0000)
   the space 11712K,  99% used [0x29030000, 0x29b94010, 0x29351c00, 0x29ba0000)
 compacting perm gen  total 12288K, used 3119K [0x33ae0000, 0x346e0000, 0x37ae0000)
   the space 12288K,  25% used [0x33ae0000, 0x33debec0, 0x33dec000, 0x346e0000)
    ro space 10240K,  54% used [0x37ae0000, 0x3805e4a8, 0x3805e600, 0x384e0000)
    rw space 12288K,  55% used [0x384e0000, 0x38b822a0, 0x38b82400, 0x390e0000)

Code Cache  [0x01c70000, 0x01e88000, 0x03c70000)
 total_blobs=1030 nmethods=806 adapters=160 free_code_cache=31389888 largest_free_block=0

Dynamic libraries:
0x00400000 - 0x00425000 	C:\Program Files\Java\jdk1.6.0_30\bin\java.exe
0x77d20000 - 0x77e5c000 	C:\Windows\SYSTEM32\ntdll.dll
0x76a50000 - 0x76b24000 	C:\Windows\system32\kernel32.dll
0x75ef0000 - 0x75f3a000 	C:\Windows\system32\KERNELBASE.dll
0x76940000 - 0x769e0000 	C:\Windows\system32\ADVAPI32.dll
0x76790000 - 0x7683c000 	C:\Windows\system32\msvcrt.dll
0x769e0000 - 0x769f9000 	C:\Windows\SYSTEM32\sechost.dll
0x77c70000 - 0x77d11000 	C:\Windows\system32\RPCRT4.dll
0x7c340000 - 0x7c396000 	C:\Program Files\Java\jdk1.6.0_30\jre\bin\msvcr71.dll
0x6d8c0000 - 0x6db6f000 	C:\Program Files\Java\jdk1.6.0_30\jre\bin\client\jvm.dll
0x77780000 - 0x77849000 	C:\Windows\system32\USER32.dll
0x76a00000 - 0x76a4e000 	C:\Windows\system32\GDI32.dll
0x76930000 - 0x7693a000 	C:\Windows\system32\LPK.dll
0x76840000 - 0x768dd000 	C:\Windows\system32\USP10.dll
0x74350000 - 0x74382000 	C:\Windows\system32\WINMM.dll
0x76290000 - 0x762af000 	C:\Windows\system32\IMM32.DLL
0x77e80000 - 0x77f4c000 	C:\Windows\system32\MSCTF.dll
0x75da0000 - 0x75deb000 	C:\Windows\system32\apphelp.dll
0x6d870000 - 0x6d87c000 	C:\Program Files\Java\jdk1.6.0_30\jre\bin\verify.dll
0x6d3d0000 - 0x6d3ef000 	C:\Program Files\Java\jdk1.6.0_30\jre\bin\java.dll
0x6d8b0000 - 0x6d8bf000 	C:\Program Files\Java\jdk1.6.0_30\jre\bin\zip.dll
0x6d0b0000 - 0x6d1fc000 	C:\Program Files\Java\jdk1.6.0_30\jre\bin\awt.dll
0x71810000 - 0x71861000 	C:\Windows\system32\WINSPOOL.DRV
0x762c0000 - 0x7641c000 	C:\Windows\system32\ole32.dll
0x74dc0000 - 0x74f5e000 	C:\Windows\WinSxS\x86_microsoft.windows.common-controls_6595b64144ccf1df_6.0.7600.16385_none_421189da2b7fabfc\COMCTL32.dll
0x761f0000 - 0x76247000 	C:\Windows\system32\SHLWAPI.dll
0x74d90000 - 0x74da3000 	C:\Windows\system32\DWMAPI.DLL
0x74d50000 - 0x74d90000 	C:\Windows\system32\uxtheme.dll
0x75df0000 - 0x75dfc000 	C:\Windows\system32\CRYPTBASE.dll
0x76b30000 - 0x77779000 	C:\Windows\system32\shell32.dll
0x6d2e0000 - 0x6d32f000 	C:\Program Files\Java\jdk1.6.0_30\jre\bin\fontmanager.dll
0x6d6b0000 - 0x6d6c3000 	C:\Program Files\Java\jdk1.6.0_30\jre\bin\net.dll
0x76250000 - 0x76285000 	C:\Windows\system32\WS2_32.dll
0x762b0000 - 0x762b6000 	C:\Windows\system32\NSI.dll
0x758b0000 - 0x758ec000 	C:\Windows\system32\mswsock.dll
0x758a0000 - 0x758a6000 	C:\Windows\System32\wship6.dll
0x6d6d0000 - 0x6d6d9000 	C:\Program Files\Java\jdk1.6.0_30\jre\bin\nio.dll
0x6d250000 - 0x6d273000 	C:\Program Files\Java\jdk1.6.0_30\jre\bin\dcpr.dll
0x77be0000 - 0x77c6f000 	C:\Windows\system32\OLEAUT32.DLL
0x753f0000 - 0x753f5000 	C:\Windows\System32\wshtcpip.dll
0x75770000 - 0x757b4000 	C:\Windows\system32\DNSAPI.dll
0x72bc0000 - 0x72bdc000 	C:\Windows\system32\IPHLPAPI.DLL
0x72bb0000 - 0x72bb7000 	C:\Windows\system32\WINNSI.DLL
0x711e0000 - 0x711e6000 	C:\Windows\system32\rasadhlp.dll
0x72af0000 - 0x72b28000 	C:\Windows\System32\fwpuclnt.dll
0x77e70000 - 0x77e75000 	C:\Windows\system32\PSAPI.DLL

VM Arguments:
jvm_args: -Dfile.encoding=UTF-8 
java_command: Questions_page
Launcher Type: SUN_STANDARD

Environment Variables:
PATH=D:\oracle\product\10.2.0\client_3\bin;C:\Windows\system32;C:\Windows;C:\Windows\System32\Wbem;C:\Windows\System32\WindowsPowerShell\v1.0\;C:\Program Files\Intel\DMIX
USERNAME=srlab5
OS=Windows_NT
PROCESSOR_IDENTIFIER=x86 Family 6 Model 23 Stepping 10, GenuineIntel



---------------  S Y S T E M  ---------------

OS: Windows 7 Build 7600 

CPU:total 2 (2 cores per cpu, 1 threads per core) family 6 model 23 stepping 10, cmov, cx8, fxsr, mmx, sse, sse2, sse3, ssse3, sse4.1

Memory: 4k page, physical 2057560k(1124232k free), swap 4115120k(2930156k free)

vm_info: Java HotSpot(TM) Client VM (20.5-b03) for windows-x86 JRE (1.6.0_30-b12), built on Nov 10 2011 01:51:00 by "java_re" with MS VC++ 7.1 (VS2003)

time: Thu Sep 24 07:39:26 2015
elapsed time: 6 seconds

